0 info it worked if it ends with ok
1 verbose cli [ 'node', '/usr/local/bin/npm', 'publish', './' ]
2 info using npm@1.4.3
3 info using node@v0.10.26
4 verbose publish [ './' ]
5 verbose cache add [ './', null ]
6 verbose cache add name=undefined spec="./" args=["./",null]
7 verbose parsed url { protocol: null,
7 verbose parsed url   slashes: null,
7 verbose parsed url   auth: null,
7 verbose parsed url   host: null,
7 verbose parsed url   port: null,
7 verbose parsed url   hostname: null,
7 verbose parsed url   hash: null,
7 verbose parsed url   search: null,
7 verbose parsed url   query: null,
7 verbose parsed url   pathname: './',
7 verbose parsed url   path: './',
7 verbose parsed url   href: './' }
8 silly lockFile 0ee6c175- ./
9 verbose lock ./ /Users/dpratt/.npm/0ee6c175-.lock
10 verbose tar pack [ '/var/folders/qn/tkczfq5n69gbkmhccv0w3ykc0000gn/T/npm-17204-6KvlOduK/1397678931798-0.7567763777915388/tmp.tgz',
10 verbose tar pack   './' ]
11 verbose tarball /var/folders/qn/tkczfq5n69gbkmhccv0w3ykc0000gn/T/npm-17204-6KvlOduK/1397678931798-0.7567763777915388/tmp.tgz
12 verbose folder ./
13 info prepublish bbox-calc@0.0.3
14 verbose unsafe-perm in lifecycle true
15 silly lockFile 04cb2bca-tar tar://./
16 verbose lock tar://./ /Users/dpratt/.npm/04cb2bca-tar.lock
17 silly lockFile 0918a23a-31798-0-7567763777915388-tmp-tgz tar:///var/folders/qn/tkczfq5n69gbkmhccv0w3ykc0000gn/T/npm-17204-6KvlOduK/1397678931798-0.7567763777915388/tmp.tgz
18 verbose lock tar:///var/folders/qn/tkczfq5n69gbkmhccv0w3ykc0000gn/T/npm-17204-6KvlOduK/1397678931798-0.7567763777915388/tmp.tgz /Users/dpratt/.npm/0918a23a-31798-0-7567763777915388-tmp-tgz.lock
19 silly lockFile 04cb2bca-tar tar://./
20 silly lockFile 04cb2bca-tar tar://./
21 silly lockFile 0918a23a-31798-0-7567763777915388-tmp-tgz tar:///var/folders/qn/tkczfq5n69gbkmhccv0w3ykc0000gn/T/npm-17204-6KvlOduK/1397678931798-0.7567763777915388/tmp.tgz
22 silly lockFile 0918a23a-31798-0-7567763777915388-tmp-tgz tar:///var/folders/qn/tkczfq5n69gbkmhccv0w3ykc0000gn/T/npm-17204-6KvlOduK/1397678931798-0.7567763777915388/tmp.tgz
23 verbose tar unpack /var/folders/qn/tkczfq5n69gbkmhccv0w3ykc0000gn/T/npm-17204-6KvlOduK/1397678931798-0.7567763777915388/tmp.tgz
24 silly lockFile 5ba61f90-31798-0-7567763777915388-package tar:///var/folders/qn/tkczfq5n69gbkmhccv0w3ykc0000gn/T/npm-17204-6KvlOduK/1397678931798-0.7567763777915388/package
25 verbose lock tar:///var/folders/qn/tkczfq5n69gbkmhccv0w3ykc0000gn/T/npm-17204-6KvlOduK/1397678931798-0.7567763777915388/package /Users/dpratt/.npm/5ba61f90-31798-0-7567763777915388-package.lock
26 silly lockFile 0918a23a-31798-0-7567763777915388-tmp-tgz tar:///var/folders/qn/tkczfq5n69gbkmhccv0w3ykc0000gn/T/npm-17204-6KvlOduK/1397678931798-0.7567763777915388/tmp.tgz
27 verbose lock tar:///var/folders/qn/tkczfq5n69gbkmhccv0w3ykc0000gn/T/npm-17204-6KvlOduK/1397678931798-0.7567763777915388/tmp.tgz /Users/dpratt/.npm/0918a23a-31798-0-7567763777915388-tmp-tgz.lock
28 silly gunzTarPerm modes [ '755', '644' ]
29 silly gunzTarPerm extractEntry package.json
30 silly gunzTarPerm extractEntry .npmignore
31 silly gunzTarPerm extractEntry README.md
32 silly gunzTarPerm extractEntry LICENSE
33 silly gunzTarPerm extractEntry index.js
34 silly gunzTarPerm extractEntry .jshintrc
35 silly gunzTarPerm extractEntry .travis.yml
36 silly lockFile 5ba61f90-31798-0-7567763777915388-package tar:///var/folders/qn/tkczfq5n69gbkmhccv0w3ykc0000gn/T/npm-17204-6KvlOduK/1397678931798-0.7567763777915388/package
37 silly lockFile 5ba61f90-31798-0-7567763777915388-package tar:///var/folders/qn/tkczfq5n69gbkmhccv0w3ykc0000gn/T/npm-17204-6KvlOduK/1397678931798-0.7567763777915388/package
38 silly lockFile 0918a23a-31798-0-7567763777915388-tmp-tgz tar:///var/folders/qn/tkczfq5n69gbkmhccv0w3ykc0000gn/T/npm-17204-6KvlOduK/1397678931798-0.7567763777915388/tmp.tgz
39 silly lockFile 0918a23a-31798-0-7567763777915388-tmp-tgz tar:///var/folders/qn/tkczfq5n69gbkmhccv0w3ykc0000gn/T/npm-17204-6KvlOduK/1397678931798-0.7567763777915388/tmp.tgz
40 verbose tar pack [ '/Users/dpratt/.npm/bbox-calc/0.0.3/package.tgz',
40 verbose tar pack   '/var/folders/qn/tkczfq5n69gbkmhccv0w3ykc0000gn/T/npm-17204-6KvlOduK/1397678931798-0.7567763777915388/package' ]
41 verbose tarball /Users/dpratt/.npm/bbox-calc/0.0.3/package.tgz
42 verbose folder /var/folders/qn/tkczfq5n69gbkmhccv0w3ykc0000gn/T/npm-17204-6KvlOduK/1397678931798-0.7567763777915388/package
43 silly lockFile 5ba61f90-31798-0-7567763777915388-package tar:///var/folders/qn/tkczfq5n69gbkmhccv0w3ykc0000gn/T/npm-17204-6KvlOduK/1397678931798-0.7567763777915388/package
44 verbose lock tar:///var/folders/qn/tkczfq5n69gbkmhccv0w3ykc0000gn/T/npm-17204-6KvlOduK/1397678931798-0.7567763777915388/package /Users/dpratt/.npm/5ba61f90-31798-0-7567763777915388-package.lock
45 silly lockFile 8ae8951d--npm-bbox-calc-0-0-3-package-tgz tar:///Users/dpratt/.npm/bbox-calc/0.0.3/package.tgz
46 verbose lock tar:///Users/dpratt/.npm/bbox-calc/0.0.3/package.tgz /Users/dpratt/.npm/8ae8951d--npm-bbox-calc-0-0-3-package-tgz.lock
47 silly lockFile 5ba61f90-31798-0-7567763777915388-package tar:///var/folders/qn/tkczfq5n69gbkmhccv0w3ykc0000gn/T/npm-17204-6KvlOduK/1397678931798-0.7567763777915388/package
48 silly lockFile 5ba61f90-31798-0-7567763777915388-package tar:///var/folders/qn/tkczfq5n69gbkmhccv0w3ykc0000gn/T/npm-17204-6KvlOduK/1397678931798-0.7567763777915388/package
49 silly lockFile 8ae8951d--npm-bbox-calc-0-0-3-package-tgz tar:///Users/dpratt/.npm/bbox-calc/0.0.3/package.tgz
50 silly lockFile 8ae8951d--npm-bbox-calc-0-0-3-package-tgz tar:///Users/dpratt/.npm/bbox-calc/0.0.3/package.tgz
51 silly lockFile 20870842-ratt-npm-bbox-calc-0-0-3-package /Users/dpratt/.npm/bbox-calc/0.0.3/package
52 verbose lock /Users/dpratt/.npm/bbox-calc/0.0.3/package /Users/dpratt/.npm/20870842-ratt-npm-bbox-calc-0-0-3-package.lock
53 silly lockFile 20870842-ratt-npm-bbox-calc-0-0-3-package /Users/dpratt/.npm/bbox-calc/0.0.3/package
54 silly lockFile 20870842-ratt-npm-bbox-calc-0-0-3-package /Users/dpratt/.npm/bbox-calc/0.0.3/package
55 verbose tar unpack /Users/dpratt/.npm/bbox-calc/0.0.3/package.tgz
56 silly lockFile f56fe434-ratt-npm-bbox-calc-0-0-3-package tar:///Users/dpratt/.npm/bbox-calc/0.0.3/package
57 verbose lock tar:///Users/dpratt/.npm/bbox-calc/0.0.3/package /Users/dpratt/.npm/f56fe434-ratt-npm-bbox-calc-0-0-3-package.lock
58 silly lockFile 8ae8951d--npm-bbox-calc-0-0-3-package-tgz tar:///Users/dpratt/.npm/bbox-calc/0.0.3/package.tgz
59 verbose lock tar:///Users/dpratt/.npm/bbox-calc/0.0.3/package.tgz /Users/dpratt/.npm/8ae8951d--npm-bbox-calc-0-0-3-package-tgz.lock
60 silly gunzTarPerm modes [ '755', '644' ]
61 silly gunzTarPerm extractEntry package.json
62 silly gunzTarPerm extractEntry .npmignore
63 silly gunzTarPerm extractEntry README.md
64 silly gunzTarPerm extractEntry LICENSE
65 silly gunzTarPerm extractEntry index.js
66 silly gunzTarPerm extractEntry .jshintrc
67 silly gunzTarPerm extractEntry .travis.yml
68 silly lockFile f56fe434-ratt-npm-bbox-calc-0-0-3-package tar:///Users/dpratt/.npm/bbox-calc/0.0.3/package
69 silly lockFile f56fe434-ratt-npm-bbox-calc-0-0-3-package tar:///Users/dpratt/.npm/bbox-calc/0.0.3/package
70 silly lockFile 8ae8951d--npm-bbox-calc-0-0-3-package-tgz tar:///Users/dpratt/.npm/bbox-calc/0.0.3/package.tgz
71 silly lockFile 8ae8951d--npm-bbox-calc-0-0-3-package-tgz tar:///Users/dpratt/.npm/bbox-calc/0.0.3/package.tgz
72 verbose chmod /Users/dpratt/.npm/bbox-calc/0.0.3/package.tgz 644
73 verbose chown /Users/dpratt/.npm/bbox-calc/0.0.3/package.tgz [ 501, 501 ]
74 silly lockFile 0ee6c175- ./
75 silly lockFile 0ee6c175- ./
76 silly publish { name: 'bbox-calc',
76 silly publish   description: 'Bounding box calculations',
76 silly publish   version: '0.0.3',
76 silly publish   dependencies: {},
76 silly publish   scripts:
76 silly publish    { lint: 'jshint index.js',
76 silly publish      pretest: 'npm run-script lint',
76 silly publish      prepublish: 'npm test && npm prune' },
76 silly publish   publishConfig: { registry: 'http://registry.npmjs.org' },
76 silly publish   author: { name: 'Darrell Pratt', email: 'darrell.pratt@gmail.com' },
76 silly publish   license: 'ISC',
76 silly publish   devDependencies: { jshint: '^2.5.0' },
76 silly publish   repository:
76 silly publish    { type: 'git',
76 silly publish      url: 'git@github.com:darrellpratt/geolocation.git' },
76 silly publish   readme: '# bbox-calc\n\nBounding box calculation based on lat,lon and distance.  Using Haversine formula\n\n[![build status](https://secure.travis-ci.org/darrellpratt/geolocation.png)](http://travis-ci.org/darrellpratt/geolocation)\n\n## Installation\n\n```\nnpm install bbox-calc --save\n```\n\n## Usage\n```\nvar geo = new GeoLocation(41.8748562,-87.6352741);\nvar bbox = geo.boundingBox(dist);\n```\n\n## Credits\n[Darrell Pratt](https://github.com/darrellpratt/)\n',
76 silly publish   readmeFilename: 'README.md',
76 silly publish   bugs: { url: 'https://github.com/darrellpratt/geolocation/issues' },
76 silly publish   homepage: 'https://github.com/darrellpratt/geolocation',
76 silly publish   _id: 'bbox-calc@0.0.3',
76 silly publish   dist: { shasum: 'd6d36cc8baae980fd6480573482d4ba27f0c8689' },
76 silly publish   _from: './' }
77 verbose url raw bbox-calc
78 verbose url resolving [ 'http://registry.npmjs.org/', './bbox-calc' ]
79 verbose url resolved http://registry.npmjs.org/bbox-calc
80 info trying registry request attempt 1 at 15:08:53
81 http PUT http://registry.npmjs.org/bbox-calc
82 http 403 http://registry.npmjs.org/bbox-calc
83 error publish Failed PUT 403
84 error Error: forbidden cannot modify pre-existing version: 0.0.3
84 error old={"name":"bbox-calc","description":"Bounding box calculations","version":"0.0.3","dependencies":{},"scripts":{"lint":"jshint .","pretest":"npm run-script lint","prepublish":"npm test && npm prune"},"publishConfig":{"registry":"http://registry.npmjs.org"},"author":{"name":"Darrell Pratt","email":"darrell.pratt@gmail.com"},"license":"ISC","devDependencies":{"jshint":"^2.5.0"},"repository":{"type":"git","url":"git@github.com:darrellpratt/geolocation.git"},"bugs":{"url":"https://github.com/darrellpratt/geolocation/issues"},"homepage":"https://github.com/darrellpratt/geolocation","_id":"bbox-calc@0.0.3","dist":{"shasum":"f6163a5b2710edd4627cdd230072e603f0d6571e","tarball":"http://registry.npmjs.org/bbox-calc/-/bbox-calc-0.0.3.tgz"},"_from":"./","_npmVersion":"1.4.3","_npmUser":{"name":"darrellpratt","email":"darrell.pratt@gmail.com"},"maintainers":[{"name":"darrellpratt","email":"darrell.pratt@gmail.com"}]}
84 error new={"name":"bbox-calc","description":"Bounding box calculations","version":"0.0.3","dependencies":{},"scripts":{"lint":"jshint index.js","pretest":"npm run-script lint","prepublish":"npm test && npm prune"},"publishConfig":{"registry":"http://registry.npmjs.org"},"author":{"name":"Darrell Pratt","email":"darrell.pratt@gmail.com"},"license":"ISC","devDependencies":{"jshint":"^2.5.0"},"repository":{"type":"git","url":"git@github.com:darrellpratt/geolocation.git"},"readme":"# bbox-calc\u000a\u000aBounding box calculation based on lat,lon and distance.  Using Haversine formula\u000a\u000a[![build status](https://secure.travis-ci.org/darrellpratt/geolocation.png)](http://travis-ci.org/darrellpratt/geolocation)\u000a\u000a## Installation\u000a\u000a```\u000anpm install bbox-calc --save\u000a```\u000a\u000a## Usage\u000a```\u000avar geo = new GeoLocation(41.8748562,-87.6352741);\u000avar bbox = geo.boundingBox(dist);\u000a```\u000a\u000a## Credits\u000a[Darrell Pratt](https://github.com/darrellpratt/)\u000a","readmeFilename":"README.md","bugs":{"url":"https://github.com/darrellpratt/geolocation/issues"},"homepage":"https://github.com/darrellpratt/geolocation","_id":"bbox-calc@0.0.3","dist":{"shasum":"d6d36cc8baae980fd6480573482d4ba27f0c8689","tarball":"http://registry.npmjs.org/bbox-calc/-/bbox-calc-0.0.3.tgz"},"_from":"./","_npmVersion":"1.4.3","_npmUser":{"name":"darrellpratt","email":"darrell.pratt@gmail.com"},"maintainers":[{"name":"darrellpratt","email":"darrell.pratt@gmail.com"}]}: bbox-calc
84 error     at RegClient.<anonymous> (/usr/local/lib/node_modules/npm/node_modules/npm-registry-client/lib/request.js:237:14)
84 error     at Request.self.callback (/usr/local/lib/node_modules/npm/node_modules/request/request.js:123:22)
84 error     at Request.EventEmitter.emit (events.js:98:17)
84 error     at Request.<anonymous> (/usr/local/lib/node_modules/npm/node_modules/request/request.js:893:14)
84 error     at Request.EventEmitter.emit (events.js:117:20)
84 error     at IncomingMessage.<anonymous> (/usr/local/lib/node_modules/npm/node_modules/request/request.js:844:12)
84 error     at IncomingMessage.EventEmitter.emit (events.js:117:20)
84 error     at _stream_readable.js:920:16
84 error     at process._tickCallback (node.js:415:13)
85 error If you need help, you may report this *entire* log,
85 error including the npm and node versions, at:
85 error     <http://github.com/npm/npm/issues>
86 error System Darwin 13.1.0
87 error command "node" "/usr/local/bin/npm" "publish" "./"
88 error cwd /Users/dpratt/src/bbox-calc
89 error node -v v0.10.26
90 error npm -v 1.4.3
91 verbose exit [ 1, true ]
